2017-01-11 10:53:49,481 [Worker-9] INFO  o.e.m.c.i.l.LifecycleMappingFactory - Using NULL lifecycle mapping for MavenProject: com.gougou:gougou-parent:0.0.1-SNAPSHOT @ F:\ke_ecli\gougou-parent\pom.xml.
2017-01-11 10:54:33,449 [Worker-10] INFO  o.e.m.c.i.l.LifecycleMappingFactory - Using NULL lifecycle mapping for MavenProject: com.gougou:gougou-parent:0.0.1-SNAPSHOT @ F:\ke_ecli\gougou-parent\pom.xml.
2017-01-11 10:57:09,716 [Worker-17] INFO  o.e.m.c.i.l.LifecycleMappingFactory - Using org.eclipse.m2e.jdt.JarLifecycleMapping lifecycle mapping for MavenProject: com.gougou:gougou-common:0.0.1-SNAPSHOT @ F:\ke_ecli\gougou-common\pom.xml.
2017-01-11 10:57:11,080 [Worker-17] INFO  o.e.m.j.i.AbstractJavaProjectConfigurator - Adding source folder /gougou-common/src/main/java
2017-01-11 10:57:11,081 [Worker-17] INFO  o.e.m.j.i.AbstractJavaProjectConfigurator - Adding resource folder /gougou-common/src/main/resources
2017-01-11 10:57:11,107 [Worker-17] INFO  o.e.m.j.i.AbstractJavaProjectConfigurator - Adding source folder /gougou-common/src/test/java
2017-01-11 10:57:11,107 [Worker-17] INFO  o.e.m.j.i.AbstractJavaProjectConfigurator - Adding resource folder /gougou-common/src/test/resources
2017-01-11 10:57:11,970 [Worker-9] INFO  o.e.m.c.i.embedder.EclipseLogger - Using 'UTF-8' encoding to copy filtered resources.
2017-01-11 10:57:11,974 [Worker-9] INFO  o.e.m.c.i.embedder.EclipseLogger - Copying 0 resource
2017-01-11 10:57:11,975 [Worker-9] INFO  o.e.m.c.i.embedder.EclipseLogger - Using 'UTF-8' encoding to copy filtered resources.
2017-01-11 10:57:11,976 [Worker-9] INFO  o.e.m.c.i.embedder.EclipseLogger - Copying 0 resource
2017-01-11 10:57:34,647 [Worker-16] INFO  o.e.m.c.i.l.LifecycleMappingFactory - Using org.eclipse.m2e.jdt.JarLifecycleMapping lifecycle mapping for MavenProject: com.gougou:gougou-common:0.0.1-SNAPSHOT @ F:\ke_ecli\gougou-common\pom.xml.
2017-01-11 10:57:34,924 [Worker-16] WARN  o.e.m.c.i.embedder.EclipseLogger - The artifact org.apache.commons:commons-io:jar:1.3.2 has been relocated to commons-io:commons-io:jar:1.3.2
2017-01-11 10:57:35,247 [Worker-16] INFO  o.e.m.c.i.embedder.EclipseLogger - Using 'UTF-8' encoding to copy filtered resources.
2017-01-11 10:57:35,251 [Worker-16] INFO  o.e.m.c.i.embedder.EclipseLogger - Copying 0 resource
2017-01-11 10:57:35,254 [Worker-16] INFO  o.e.m.c.i.embedder.EclipseLogger - Using 'UTF-8' encoding to copy filtered resources.
2017-01-11 10:57:35,254 [Worker-16] INFO  o.e.m.c.i.embedder.EclipseLogger - Copying 0 resource
2017-01-11 10:57:36,759 [Worker-10] WARN  o.e.m.c.i.embedder.EclipseLogger - The artifact org.apache.commons:commons-io:jar:1.3.2 has been relocated to commons-io:commons-io:jar:1.3.2
2017-01-11 10:57:36,781 [Worker-10] INFO  o.e.m.c.i.embedder.EclipseLogger - Using 'UTF-8' encoding to copy filtered resources.
2017-01-11 10:57:36,782 [Worker-10] INFO  o.e.m.c.i.embedder.EclipseLogger - Copying 0 resource
2017-01-11 10:57:36,783 [Worker-10] INFO  o.e.m.c.i.embedder.EclipseLogger - Using 'UTF-8' encoding to copy filtered resources.
2017-01-11 10:57:36,783 [Worker-10] INFO  o.e.m.c.i.embedder.EclipseLogger - Copying 0 resource
2017-01-11 10:58:40,989 [Worker-15] INFO  o.e.m.c.i.l.LifecycleMappingFactory - Using NULL lifecycle mapping for MavenProject: com.gougou:gougou-manager:0.0.1-SNAPSHOT @ F:\ke_ecli\gougou-manager\pom.xml.
2017-01-11 10:59:23,853 [Worker-15] INFO  o.e.m.c.i.l.LifecycleMappingFactory - Using NULL lifecycle mapping for MavenProject: com.gougou:gougou-manager:0.0.1-SNAPSHOT @ F:\ke_ecli\gougou-manager\pom.xml.
2017-01-11 11:00:19,837 [Worker-9] INFO  o.e.m.c.i.l.LifecycleMappingFactory - Using org.eclipse.m2e.jdt.JarLifecycleMapping lifecycle mapping for MavenProject: com.gougou:gougou-manager-pojo:0.0.1-SNAPSHOT @ F:\ke_ecli\gougou-manager\gougou-manager-pojo\pom.xml.
2017-01-11 11:00:20,077 [Worker-9] INFO  o.e.m.j.i.AbstractJavaProjectConfigurator - Adding source folder /gougou-manager-pojo/src/main/java
2017-01-11 11:00:20,078 [Worker-9] INFO  o.e.m.j.i.AbstractJavaProjectConfigurator - Adding resource folder /gougou-manager-pojo/src/main/resources
2017-01-11 11:00:20,083 [Worker-9] INFO  o.e.m.j.i.AbstractJavaProjectConfigurator - Adding source folder /gougou-manager-pojo/src/test/java
2017-01-11 11:00:20,083 [Worker-9] INFO  o.e.m.j.i.AbstractJavaProjectConfigurator - Adding resource folder /gougou-manager-pojo/src/test/resources
2017-01-11 11:00:20,491 [Worker-10] INFO  o.e.m.c.i.embedder.EclipseLogger - Using 'UTF-8' encoding to copy filtered resources.
2017-01-11 11:00:20,492 [Worker-10] INFO  o.e.m.c.i.embedder.EclipseLogger - Copying 0 resource
2017-01-11 11:00:20,493 [Worker-10] INFO  o.e.m.c.i.embedder.EclipseLogger - Using 'UTF-8' encoding to copy filtered resources.
2017-01-11 11:00:20,493 [Worker-10] INFO  o.e.m.c.i.embedder.EclipseLogger - Copying 0 resource
2017-01-11 11:00:21,040 [Worker-17] INFO  o.e.m.c.i.l.LifecycleMappingFactory - Using NULL lifecycle mapping for MavenProject: com.gougou:gougou-manager:0.0.1-SNAPSHOT @ F:\ke_ecli\gougou-manager\pom.xml.
2017-01-11 11:00:21,191 [Worker-17] INFO  o.e.m.c.i.l.LifecycleMappingFactory - Using org.eclipse.m2e.jdt.JarLifecycleMapping lifecycle mapping for MavenProject: com.gougou:gougou-manager-pojo:0.0.1-SNAPSHOT @ F:\ke_ecli\gougou-manager\gougou-manager-pojo\pom.xml.
2017-01-11 11:00:22,263 [Worker-17] INFO  o.e.m.c.i.embedder.EclipseLogger - Using 'UTF-8' encoding to copy filtered resources.
2017-01-11 11:00:22,263 [Worker-17] INFO  o.e.m.c.i.embedder.EclipseLogger - Copying 0 resource
2017-01-11 11:00:22,264 [Worker-17] INFO  o.e.m.c.i.embedder.EclipseLogger - Using 'UTF-8' encoding to copy filtered resources.
2017-01-11 11:00:22,265 [Worker-17] INFO  o.e.m.c.i.embedder.EclipseLogger - Copying 0 resource
2017-01-11 11:01:44,046 [Worker-10] INFO  o.e.m.c.i.l.LifecycleMappingFactory - Using org.eclipse.m2e.jdt.JarLifecycleMapping lifecycle mapping for MavenProject: com.gougou:gougou-manager-mapper:0.0.1-SNAPSHOT @ F:\ke_ecli\gougou-manager\gougou-manager-mapper\pom.xml.
2017-01-11 11:01:44,730 [Worker-10] INFO  o.e.m.j.i.AbstractJavaProjectConfigurator - Adding source folder /gougou-manager-mapper/src/main/java
2017-01-11 11:01:44,731 [Worker-10] INFO  o.e.m.j.i.AbstractJavaProjectConfigurator - Adding resource folder /gougou-manager-mapper/src/main/resources
2017-01-11 11:01:44,735 [Worker-10] INFO  o.e.m.j.i.AbstractJavaProjectConfigurator - Adding source folder /gougou-manager-mapper/src/test/java
2017-01-11 11:01:44,735 [Worker-10] INFO  o.e.m.j.i.AbstractJavaProjectConfigurator - Adding resource folder /gougou-manager-mapper/src/test/resources
2017-01-11 11:01:45,142 [Worker-20] INFO  o.e.m.c.i.l.LifecycleMappingFactory - Using NULL lifecycle mapping for MavenProject: com.gougou:gougou-manager:0.0.1-SNAPSHOT @ F:\ke_ecli\gougou-manager\pom.xml.
2017-01-11 11:01:45,275 [Worker-20] INFO  o.e.m.c.i.l.LifecycleMappingFactory - Using org.eclipse.m2e.jdt.JarLifecycleMapping lifecycle mapping for MavenProject: com.gougou:gougou-manager-pojo:0.0.1-SNAPSHOT @ F:\ke_ecli\gougou-manager\gougou-manager-pojo\pom.xml.
2017-01-11 11:01:45,348 [Worker-20] INFO  o.e.m.c.i.l.LifecycleMappingFactory - Using org.eclipse.m2e.jdt.JarLifecycleMapping lifecycle mapping for MavenProject: com.gougou:gougou-manager-mapper:0.0.1-SNAPSHOT @ F:\ke_ecli\gougou-manager\gougou-manager-mapper\pom.xml.
2017-01-11 11:01:46,069 [Worker-20] INFO  o.e.m.c.i.embedder.EclipseLogger - Using 'UTF-8' encoding to copy filtered resources.
2017-01-11 11:01:46,070 [Worker-20] INFO  o.e.m.c.i.embedder.EclipseLogger - Copying 0 resource
2017-01-11 11:01:46,071 [Worker-20] INFO  o.e.m.c.i.embedder.EclipseLogger - Using 'UTF-8' encoding to copy filtered resources.
2017-01-11 11:01:46,071 [Worker-20] INFO  o.e.m.c.i.embedder.EclipseLogger - Copying 0 resource
2017-01-11 11:01:46,225 [Worker-20] INFO  o.e.m.c.i.embedder.EclipseLogger - Using 'UTF-8' encoding to copy filtered resources.
2017-01-11 11:01:46,225 [Worker-20] INFO  o.e.m.c.i.embedder.EclipseLogger - Copying 0 resource
2017-01-11 11:01:46,226 [Worker-20] INFO  o.e.m.c.i.embedder.EclipseLogger - Using 'UTF-8' encoding to copy filtered resources.
2017-01-11 11:01:46,227 [Worker-20] INFO  o.e.m.c.i.embedder.EclipseLogger - Copying 0 resource
2017-01-11 11:02:23,162 [Worker-10] INFO  o.e.m.c.i.l.LifecycleMappingFactory - Using org.eclipse.m2e.jdt.JarLifecycleMapping lifecycle mapping for MavenProject: com.gougou:gougou-manager-mapper:0.0.1-SNAPSHOT @ F:\ke_ecli\gougou-manager\gougou-manager-mapper\pom.xml.
2017-01-11 11:02:23,207 [Worker-18] WARN  o.e.m.c.i.embedder.EclipseLogger - The POM for com.github.pagehelper:pagehelper:jar:3.4.2-fix is missing, no dependency information available
2017-01-11 11:02:23,266 [Worker-10] WARN  o.e.m.c.i.embedder.EclipseLogger - The POM for com.github.pagehelper:pagehelper:jar:3.4.2-fix is missing, no dependency information available
2017-01-11 11:02:23,369 [Worker-10] INFO  o.e.m.c.i.embedder.EclipseLogger - Using 'UTF-8' encoding to copy filtered resources.
2017-01-11 11:02:23,370 [Worker-10] INFO  o.e.m.c.i.embedder.EclipseLogger - Copying 0 resource
2017-01-11 11:02:23,371 [Worker-10] INFO  o.e.m.c.i.embedder.EclipseLogger - Using 'UTF-8' encoding to copy filtered resources.
2017-01-11 11:02:23,371 [Worker-10] INFO  o.e.m.c.i.embedder.EclipseLogger - Copying 0 resource
2017-01-11 11:02:23,422 [Worker-18] WARN  o.e.m.c.i.embedder.EclipseLogger - The POM for com.github.pagehelper:pagehelper:jar:3.4.2-fix is missing, no dependency information available
2017-01-11 11:03:04,981 [Worker-21] WARN  o.e.m.c.i.embedder.EclipseLogger - The POM for com.github.pagehelper:pagehelper:jar:3.4.2-fix is missing, no dependency information available
2017-01-11 11:07:21,243 [Worker-22] WARN  o.e.m.c.i.embedder.EclipseLogger - The POM for com.github.pagehelper:pagehelper:jar:3.4.2-fix is missing, no dependency information available
2017-01-11 11:07:21,295 [Worker-18] INFO  o.e.m.c.i.l.LifecycleMappingFactory - Using org.eclipse.m2e.jdt.JarLifecycleMapping lifecycle mapping for MavenProject: com.gougou:gougou-manager-mapper:0.0.1-SNAPSHOT @ F:\ke_ecli\gougou-manager\gougou-manager-mapper\pom.xml.
2017-01-11 11:07:21,397 [Worker-18] WARN  o.e.m.c.i.embedder.EclipseLogger - The POM for com.github.pagehelper:pagehelper:jar:3.4.2-fix is missing, no dependency information available
2017-01-11 11:07:21,491 [Worker-18] INFO  o.e.m.c.i.embedder.EclipseLogger - Using 'UTF-8' encoding to copy filtered resources.
2017-01-11 11:07:21,491 [Worker-18] INFO  o.e.m.c.i.embedder.EclipseLogger - Copying 0 resource
2017-01-11 11:07:21,493 [Worker-18] INFO  o.e.m.c.i.embedder.EclipseLogger - Using 'UTF-8' encoding to copy filtered resources.
2017-01-11 11:07:21,493 [Worker-18] INFO  o.e.m.c.i.embedder.EclipseLogger - Copying 0 resource
2017-01-11 11:07:21,549 [Worker-22] WARN  o.e.m.c.i.embedder.EclipseLogger - The POM for com.github.pagehelper:pagehelper:jar:3.4.2-fix is missing, no dependency information available
2017-01-11 11:12:22,077 [Worker-28] WARN  o.e.m.c.i.embedder.EclipseLogger - The POM for com.github.pagehelper:pagehelper:jar:3.4.2-fix is missing, no dependency information available
2017-01-11 11:12:22,087 [Worker-25] WARN  o.e.m.c.i.embedder.EclipseLogger - The POM for com.github.pagehelper:pagehelper:jar:3.4.2-fix is missing, no dependency information available
2017-01-11 11:12:22,232 [Worker-28] WARN  o.e.m.c.i.embedder.EclipseLogger - The POM for com.github.pagehelper:pagehelper:jar:3.4.2-fix is missing, no dependency information available
2017-01-11 11:12:22,961 [Worker-23] INFO  o.e.m.c.i.l.LifecycleMappingFactory - Using org.eclipse.m2e.jdt.JarLifecycleMapping lifecycle mapping for MavenProject: com.gougou:gougou-manager-mapper:0.0.1-SNAPSHOT @ F:\ke_ecli\gougou-manager\gougou-manager-mapper\pom.xml.
2017-01-11 11:12:23,050 [Worker-23] WARN  o.e.m.c.i.embedder.EclipseLogger - The POM for com.github.pagehelper:pagehelper:jar:3.4.2-fix is missing, no dependency information available
2017-01-11 11:12:23,237 [Worker-23] INFO  o.e.m.c.i.embedder.EclipseLogger - Using 'UTF-8' encoding to copy filtered resources.
2017-01-11 11:12:23,240 [Worker-23] INFO  o.e.m.c.i.embedder.EclipseLogger - Copying 0 resource
2017-01-11 11:12:23,241 [Worker-23] INFO  o.e.m.c.i.embedder.EclipseLogger - Using 'UTF-8' encoding to copy filtered resources.
2017-01-11 11:12:23,242 [Worker-23] INFO  o.e.m.c.i.embedder.EclipseLogger - Copying 0 resource
2017-01-11 11:12:24,658 [Worker-18] WARN  o.e.m.c.i.embedder.EclipseLogger - The POM for com.github.pagehelper:pagehelper:jar:3.4.2-fix is missing, no dependency information available
2017-01-11 11:12:24,697 [Worker-18] INFO  o.e.m.c.i.embedder.EclipseLogger - Using 'UTF-8' encoding to copy filtered resources.
2017-01-11 11:12:24,698 [Worker-18] INFO  o.e.m.c.i.embedder.EclipseLogger - Copying 0 resource
2017-01-11 11:12:24,699 [Worker-18] INFO  o.e.m.c.i.embedder.EclipseLogger - Using 'UTF-8' encoding to copy filtered resources.
2017-01-11 11:12:24,699 [Worker-18] INFO  o.e.m.c.i.embedder.EclipseLogger - Copying 0 resource
2017-01-11 11:14:09,266 [Worker-28] INFO  o.e.m.c.i.l.LifecycleMappingFactory - Using org.eclipse.m2e.jdt.JarLifecycleMapping lifecycle mapping for MavenProject: com.gougou:gougou-mannager-service:0.0.1-SNAPSHOT @ F:\ke_ecli\gougou-manager\gougou-mannager-service\pom.xml.
2017-01-11 11:14:09,497 [Worker-28] INFO  o.e.m.j.i.AbstractJavaProjectConfigurator - Adding source folder /gougou-mannager-service/src/main/java
2017-01-11 11:14:09,497 [Worker-28] INFO  o.e.m.j.i.AbstractJavaProjectConfigurator - Adding resource folder /gougou-mannager-service/src/main/resources
2017-01-11 11:14:09,501 [Worker-28] INFO  o.e.m.j.i.AbstractJavaProjectConfigurator - Adding source folder /gougou-mannager-service/src/test/java
2017-01-11 11:14:09,501 [Worker-28] INFO  o.e.m.j.i.AbstractJavaProjectConfigurator - Adding resource folder /gougou-mannager-service/src/test/resources
2017-01-11 11:14:09,739 [Worker-18] INFO  o.e.m.c.i.l.LifecycleMappingFactory - Using NULL lifecycle mapping for MavenProject: com.gougou:gougou-manager:0.0.1-SNAPSHOT @ F:\ke_ecli\gougou-manager\pom.xml.
2017-01-11 11:14:10,170 [Worker-18] INFO  o.e.m.c.i.l.LifecycleMappingFactory - Using org.eclipse.m2e.jdt.JarLifecycleMapping lifecycle mapping for MavenProject: com.gougou:gougou-manager-pojo:0.0.1-SNAPSHOT @ F:\ke_ecli\gougou-manager\gougou-manager-pojo\pom.xml.
2017-01-11 11:14:10,230 [Worker-18] INFO  o.e.m.c.i.l.LifecycleMappingFactory - Using org.eclipse.m2e.jdt.JarLifecycleMapping lifecycle mapping for MavenProject: com.gougou:gougou-manager-mapper:0.0.1-SNAPSHOT @ F:\ke_ecli\gougou-manager\gougou-manager-mapper\pom.xml.
2017-01-11 11:14:10,254 [Worker-18] WARN  o.e.m.c.i.embedder.EclipseLogger - The POM for com.github.pagehelper:pagehelper:jar:3.4.2-fix is missing, no dependency information available
2017-01-11 11:14:10,324 [Worker-18] INFO  o.e.m.c.i.l.LifecycleMappingFactory - Using org.eclipse.m2e.jdt.JarLifecycleMapping lifecycle mapping for MavenProject: com.gougou:gougou-mannager-service:0.0.1-SNAPSHOT @ F:\ke_ecli\gougou-manager\gougou-mannager-service\pom.xml.
2017-01-11 11:14:11,163 [Worker-18] INFO  o.e.m.c.i.embedder.EclipseLogger - Using 'UTF-8' encoding to copy filtered resources.
2017-01-11 11:14:11,166 [Worker-18] INFO  o.e.m.c.i.embedder.EclipseLogger - Copying 0 resource
2017-01-11 11:14:11,167 [Worker-18] INFO  o.e.m.c.i.embedder.EclipseLogger - Using 'UTF-8' encoding to copy filtered resources.
2017-01-11 11:14:11,168 [Worker-18] INFO  o.e.m.c.i.embedder.EclipseLogger - Copying 0 resource
2017-01-11 11:14:11,273 [Worker-18] WARN  o.e.m.c.i.embedder.EclipseLogger - The POM for com.github.pagehelper:pagehelper:jar:3.4.2-fix is missing, no dependency information available
2017-01-11 11:14:11,303 [Worker-18] INFO  o.e.m.c.i.embedder.EclipseLogger - Using 'UTF-8' encoding to copy filtered resources.
2017-01-11 11:14:11,303 [Worker-18] INFO  o.e.m.c.i.embedder.EclipseLogger - Copying 0 resource
2017-01-11 11:14:11,304 [Worker-18] INFO  o.e.m.c.i.embedder.EclipseLogger - Using 'UTF-8' encoding to copy filtered resources.
2017-01-11 11:14:11,304 [Worker-18] INFO  o.e.m.c.i.embedder.EclipseLogger - Copying 0 resource
2017-01-11 11:14:11,420 [Worker-18] INFO  o.e.m.c.i.embedder.EclipseLogger - Using 'UTF-8' encoding to copy filtered resources.
2017-01-11 11:14:11,421 [Worker-18] INFO  o.e.m.c.i.embedder.EclipseLogger - Copying 0 resource
2017-01-11 11:14:11,422 [Worker-18] INFO  o.e.m.c.i.embedder.EclipseLogger - Using 'UTF-8' encoding to copy filtered resources.
2017-01-11 11:14:11,422 [Worker-18] INFO  o.e.m.c.i.embedder.EclipseLogger - Copying 0 resource
2017-01-11 11:15:08,533 [Worker-32] INFO  o.e.m.c.i.l.LifecycleMappingFactory - Using org.eclipse.m2e.jdt.JarLifecycleMapping lifecycle mapping for MavenProject: com.gougou:gougou-mannager-service:0.0.1-SNAPSHOT @ F:\ke_ecli\gougou-manager\gougou-mannager-service\pom.xml.
2017-01-11 11:15:08,618 [Worker-32] WARN  o.e.m.c.i.embedder.EclipseLogger - The POM for com.github.pagehelper:pagehelper:jar:3.4.2-fix is missing, no dependency information available
2017-01-11 11:15:08,924 [Worker-32] INFO  o.e.m.c.i.embedder.EclipseLogger - Using 'UTF-8' encoding to copy filtered resources.
2017-01-11 11:15:08,924 [Worker-32] INFO  o.e.m.c.i.embedder.EclipseLogger - Copying 0 resource
2017-01-11 11:15:08,925 [Worker-32] INFO  o.e.m.c.i.embedder.EclipseLogger - Using 'UTF-8' encoding to copy filtered resources.
2017-01-11 11:15:08,926 [Worker-32] INFO  o.e.m.c.i.embedder.EclipseLogger - Copying 0 resource
2017-01-11 11:15:10,443 [Worker-18] WARN  o.e.m.c.i.embedder.EclipseLogger - The POM for com.github.pagehelper:pagehelper:jar:3.4.2-fix is missing, no dependency information available
2017-01-11 11:15:10,653 [Worker-18] INFO  o.e.m.c.i.embedder.EclipseLogger - Using 'UTF-8' encoding to copy filtered resources.
2017-01-11 11:15:10,653 [Worker-18] INFO  o.e.m.c.i.embedder.EclipseLogger - Copying 0 resource
2017-01-11 11:15:10,655 [Worker-18] INFO  o.e.m.c.i.embedder.EclipseLogger - Using 'UTF-8' encoding to copy filtered resources.
2017-01-11 11:15:10,655 [Worker-18] INFO  o.e.m.c.i.embedder.EclipseLogger - Copying 0 resource
2017-01-11 11:15:43,580 [Worker-32] INFO  o.e.m.c.i.l.LifecycleMappingFactory - Using org.eclipse.m2e.jdt.JarLifecycleMapping lifecycle mapping for MavenProject: com.gougou:gougou-mannager-service:0.0.1-SNAPSHOT @ F:\ke_ecli\gougou-manager\gougou-mannager-service\pom.xml.
2017-01-11 11:15:43,662 [Worker-32] WARN  o.e.m.c.i.embedder.EclipseLogger - The POM for com.github.pagehelper:pagehelper:jar:3.4.2-fix is missing, no dependency information available
2017-01-11 11:15:43,760 [Worker-32] INFO  o.e.m.c.i.embedder.EclipseLogger - Using 'UTF-8' encoding to copy filtered resources.
2017-01-11 11:15:43,760 [Worker-32] INFO  o.e.m.c.i.embedder.EclipseLogger - Copying 0 resource
2017-01-11 11:15:43,761 [Worker-32] INFO  o.e.m.c.i.embedder.EclipseLogger - Using 'UTF-8' encoding to copy filtered resources.
2017-01-11 11:15:43,761 [Worker-32] INFO  o.e.m.c.i.embedder.EclipseLogger - Copying 0 resource
2017-01-11 11:15:45,122 [Worker-28] WARN  o.e.m.c.i.embedder.EclipseLogger - The POM for com.github.pagehelper:pagehelper:jar:3.4.2-fix is missing, no dependency information available
2017-01-11 11:15:45,199 [Worker-28] INFO  o.e.m.c.i.embedder.EclipseLogger - Using 'UTF-8' encoding to copy filtered resources.
2017-01-11 11:15:45,200 [Worker-28] INFO  o.e.m.c.i.embedder.EclipseLogger - Copying 0 resource
2017-01-11 11:15:45,201 [Worker-28] INFO  o.e.m.c.i.embedder.EclipseLogger - Using 'UTF-8' encoding to copy filtered resources.
2017-01-11 11:15:45,201 [Worker-28] INFO  o.e.m.c.i.embedder.EclipseLogger - Copying 0 resource
2017-01-11 11:16:27,523 [Worker-30] INFO  o.e.m.c.i.l.LifecycleMappingFactory - Using org.maven.ide.eclipse.wtp.WarLifecycleMapping lifecycle mapping for MavenProject: com.gougou:gougou-manager-web:0.0.1-SNAPSHOT @ F:\ke_ecli\gougou-manager\gougou-manager-web\pom.xml.
2017-01-11 11:16:28,266 [Worker-30] INFO  o.e.m.j.i.AbstractJavaProjectConfigurator - Adding source folder /gougou-manager-web/src/main/java
2017-01-11 11:16:28,266 [Worker-30] INFO  o.e.m.j.i.AbstractJavaProjectConfigurator - Adding resource folder /gougou-manager-web/src/main/resources
2017-01-11 11:16:28,270 [Worker-30] INFO  o.e.m.j.i.AbstractJavaProjectConfigurator - Adding source folder /gougou-manager-web/src/test/java
2017-01-11 11:16:28,270 [Worker-30] INFO  o.e.m.j.i.AbstractJavaProjectConfigurator - Adding resource folder /gougou-manager-web/src/test/resources
2017-01-11 11:16:29,730 [Worker-30] WARN  o.e.m.c.i.embedder.EclipseLogger - The artifact org.apache.commons:commons-io:jar:1.3.2 has been relocated to commons-io:commons-io:jar:1.3.2
2017-01-11 11:16:30,541 [Worker-28] INFO  o.e.m.c.i.l.LifecycleMappingFactory - Using NULL lifecycle mapping for MavenProject: com.gougou:gougou-manager:0.0.1-SNAPSHOT @ F:\ke_ecli\gougou-manager\pom.xml.
2017-01-11 11:16:31,125 [Worker-28] INFO  o.e.m.c.i.l.LifecycleMappingFactory - Using org.eclipse.m2e.jdt.JarLifecycleMapping lifecycle mapping for MavenProject: com.gougou:gougou-manager-pojo:0.0.1-SNAPSHOT @ F:\ke_ecli\gougou-manager\gougou-manager-pojo\pom.xml.
2017-01-11 11:16:31,162 [Worker-28] INFO  o.e.m.c.i.l.LifecycleMappingFactory - Using org.eclipse.m2e.jdt.JarLifecycleMapping lifecycle mapping for MavenProject: com.gougou:gougou-manager-mapper:0.0.1-SNAPSHOT @ F:\ke_ecli\gougou-manager\gougou-manager-mapper\pom.xml.
2017-01-11 11:16:31,177 [Worker-28] WARN  o.e.m.c.i.embedder.EclipseLogger - The POM for com.github.pagehelper:pagehelper:jar:3.4.2-fix is missing, no dependency information available
2017-01-11 11:16:31,221 [Worker-28] INFO  o.e.m.c.i.l.LifecycleMappingFactory - Using org.eclipse.m2e.jdt.JarLifecycleMapping lifecycle mapping for MavenProject: com.gougou:gougou-mannager-service:0.0.1-SNAPSHOT @ F:\ke_ecli\gougou-manager\gougou-mannager-service\pom.xml.
2017-01-11 11:16:31,292 [Worker-28] INFO  o.e.m.c.i.l.LifecycleMappingFactory - Using org.maven.ide.eclipse.wtp.WarLifecycleMapping lifecycle mapping for MavenProject: com.gougou:gougou-manager-web:0.0.1-SNAPSHOT @ F:\ke_ecli\gougou-manager\gougou-manager-web\pom.xml.
2017-01-11 11:16:33,732 [Worker-29] INFO  o.e.m.c.i.embedder.EclipseLogger - Using 'UTF-8' encoding to copy filtered resources.
2017-01-11 11:16:33,736 [Worker-29] INFO  o.e.m.c.i.embedder.EclipseLogger - Copying 0 resource
2017-01-11 11:16:33,738 [Worker-29] INFO  o.e.m.c.i.embedder.EclipseLogger - Using 'UTF-8' encoding to copy filtered resources.
2017-01-11 11:16:33,738 [Worker-29] INFO  o.e.m.c.i.embedder.EclipseLogger - Copying 0 resource
2017-01-11 11:16:34,106 [Worker-29] INFO  o.e.m.c.i.embedder.EclipseLogger - Using 'UTF-8' encoding to copy filtered resources.
2017-01-11 11:16:34,107 [Worker-29] INFO  o.e.m.c.i.embedder.EclipseLogger - Copying 0 resource
2017-01-11 11:16:34,107 [Worker-29] INFO  o.e.m.c.i.embedder.EclipseLogger - Using 'UTF-8' encoding to copy filtered resources.
2017-01-11 11:16:34,108 [Worker-29] INFO  o.e.m.c.i.embedder.EclipseLogger - Copying 0 resource
2017-01-11 11:16:34,252 [Worker-29] WARN  o.e.m.c.i.embedder.EclipseLogger - The POM for com.github.pagehelper:pagehelper:jar:3.4.2-fix is missing, no dependency information available
2017-01-11 11:16:34,290 [Worker-29] INFO  o.e.m.c.i.embedder.EclipseLogger - Using 'UTF-8' encoding to copy filtered resources.
2017-01-11 11:16:34,290 [Worker-29] INFO  o.e.m.c.i.embedder.EclipseLogger - Copying 0 resource
2017-01-11 11:16:34,291 [Worker-29] INFO  o.e.m.c.i.embedder.EclipseLogger - Using 'UTF-8' encoding to copy filtered resources.
2017-01-11 11:16:34,291 [Worker-29] INFO  o.e.m.c.i.embedder.EclipseLogger - Copying 0 resource
2017-01-11 11:16:34,578 [Worker-28] WARN  o.e.m.c.i.embedder.EclipseLogger - The POM for com.github.pagehelper:pagehelper:jar:3.4.2-fix is missing, no dependency information available
2017-01-11 11:16:34,739 [Worker-28] INFO  o.e.m.c.i.embedder.EclipseLogger - Using 'UTF-8' encoding to copy filtered resources.
2017-01-11 11:16:34,739 [Worker-28] INFO  o.e.m.c.i.embedder.EclipseLogger - Copying 0 resource
2017-01-11 11:16:34,740 [Worker-28] INFO  o.e.m.c.i.embedder.EclipseLogger - Using 'UTF-8' encoding to copy filtered resources.
2017-01-11 11:16:34,740 [Worker-28] INFO  o.e.m.c.i.embedder.EclipseLogger - Copying 0 resource
2017-01-11 11:16:35,283 [Worker-28] INFO  o.e.m.c.i.embedder.EclipseLogger - Using 'UTF-8' encoding to copy filtered resources.
2017-01-11 11:16:35,284 [Worker-28] INFO  o.e.m.c.i.embedder.EclipseLogger - Copying 0 resource
2017-01-11 11:16:35,285 [Worker-28] INFO  o.e.m.c.i.embedder.EclipseLogger - Using 'UTF-8' encoding to copy filtered resources.
2017-01-11 11:16:35,285 [Worker-28] INFO  o.e.m.c.i.embedder.EclipseLogger - Copying 0 resource
2017-01-11 11:17:12,561 [Worker-18] INFO  o.e.m.c.i.l.LifecycleMappingFactory - Using org.maven.ide.eclipse.wtp.WarLifecycleMapping lifecycle mapping for MavenProject: com.gougou:gougou-manager-web:0.0.1-SNAPSHOT @ F:\ke_ecli\gougou-manager\gougou-manager-web\pom.xml.
2017-01-11 11:17:12,908 [Worker-18] WARN  o.e.m.c.i.embedder.EclipseLogger - The POM for com.gougou:gougou-manager-service:jar:0.0.1-SNAPSHOT is missing, no dependency information available
2017-01-11 11:17:13,160 [Worker-18] WARN  o.e.m.c.i.embedder.EclipseLogger - The artifact org.apache.commons:commons-io:jar:1.3.2 has been relocated to commons-io:commons-io:jar:1.3.2
2017-01-11 11:17:13,182 [Worker-18] WARN  o.e.m.c.i.embedder.EclipseLogger - The POM for com.gougou:gougou-manager-service:jar:0.0.1-SNAPSHOT is missing, no dependency information available
2017-01-11 11:17:13,709 [Worker-18] INFO  o.e.m.c.i.embedder.EclipseLogger - Using 'UTF-8' encoding to copy filtered resources.
2017-01-11 11:17:13,710 [Worker-18] INFO  o.e.m.c.i.embedder.EclipseLogger - Copying 0 resource
2017-01-11 11:17:13,710 [Worker-18] INFO  o.e.m.c.i.embedder.EclipseLogger - Using 'UTF-8' encoding to copy filtered resources.
2017-01-11 11:17:13,711 [Worker-18] INFO  o.e.m.c.i.embedder.EclipseLogger - Copying 0 resource
2017-01-11 11:17:13,711 [Worker-18] INFO  o.e.m.w.i.f.ResourceFilteringBuildParticipant - Changed resources require a complete clean of filtered resources of gougou-manager-web
2017-01-11 11:17:13,712 [Worker-18] INFO  o.e.m.w.i.f.ResourceFilteringBuildParticipant - Executing resource filtering for gougou-manager-web
2017-01-11 11:17:13,718 [Worker-18] INFO  o.e.m.c.i.embedder.EclipseLogger - Using 'UTF-8' encoding to copy filtered resources.
2017-01-11 11:21:07,266 [Worker-33] WARN  o.e.m.c.i.embedder.EclipseLogger - The POM for com.gougou:gougou-manager-service:jar:0.0.1-SNAPSHOT is missing, no dependency information available
2017-01-11 11:21:07,328 [Worker-33] INFO  o.e.m.c.i.embedder.EclipseLogger - Using 'UTF-8' encoding to copy filtered resources.
2017-01-11 11:21:07,328 [Worker-33] INFO  o.e.m.c.i.embedder.EclipseLogger - Copying 0 resource
2017-01-11 11:21:07,329 [Worker-33] INFO  o.e.m.c.i.embedder.EclipseLogger - Using 'UTF-8' encoding to copy filtered resources.
2017-01-11 11:21:07,329 [Worker-33] INFO  o.e.m.c.i.embedder.EclipseLogger - Copying 0 resource
2017-01-11 11:21:33,167 [Worker-29] INFO  o.e.m.c.i.embedder.EclipseLogger - Using 'UTF-8' encoding to copy filtered resources.
2017-01-11 11:21:33,167 [Worker-29] INFO  o.e.m.c.i.embedder.EclipseLogger - Copying 0 resource
2017-01-11 11:21:33,168 [Worker-29] INFO  o.e.m.c.i.embedder.EclipseLogger - Using 'UTF-8' encoding to copy filtered resources.
2017-01-11 11:21:33,168 [Worker-29] INFO  o.e.m.c.i.embedder.EclipseLogger - Copying 0 resource
2017-01-11 11:21:42,083 [Worker-32] INFO  o.e.m.c.i.l.LifecycleMappingFactory - Using org.maven.ide.eclipse.wtp.WarLifecycleMapping lifecycle mapping for MavenProject: com.gougou:gougou-manager-web:0.0.1-SNAPSHOT @ F:\ke_ecli\gougou-manager\gougou-manager-web\pom.xml.
2017-01-11 11:21:42,088 [Worker-32] WARN  o.e.m.c.i.embedder.EclipseLogger - The POM for com.gougou:gougou-manager-service:jar:0.0.1-SNAPSHOT is missing, no dependency information available
2017-01-11 11:21:42,259 [Worker-32] WARN  o.e.m.c.i.embedder.EclipseLogger - The POM for com.gougou:gougou-manager-service:jar:0.0.1-SNAPSHOT is missing, no dependency information available
2017-01-11 11:21:42,931 [Worker-32] INFO  o.e.m.c.i.embedder.EclipseLogger - Using 'UTF-8' encoding to copy filtered resources.
2017-01-11 11:21:42,932 [Worker-32] INFO  o.e.m.c.i.embedder.EclipseLogger - Copying 0 resource
2017-01-11 11:21:42,933 [Worker-32] INFO  o.e.m.c.i.embedder.EclipseLogger - Using 'UTF-8' encoding to copy filtered resources.
2017-01-11 11:21:42,933 [Worker-32] INFO  o.e.m.c.i.embedder.EclipseLogger - Copying 0 resource
2017-01-11 11:21:42,933 [Worker-32] INFO  o.e.m.w.i.f.ResourceFilteringBuildParticipant - Changed resources require a complete clean of filtered resources of gougou-manager-web
2017-01-11 11:21:42,933 [Worker-32] INFO  o.e.m.w.i.f.ResourceFilteringBuildParticipant - Executing resource filtering for gougou-manager-web
2017-01-11 11:21:42,936 [Worker-32] INFO  o.e.m.c.i.embedder.EclipseLogger - Using 'UTF-8' encoding to copy filtered resources.
2017-01-11 11:23:05,929 [Worker-29] WARN  o.e.m.c.i.embedder.EclipseLogger - The POM for com.gougou:gougou-manager-service:jar:0.0.1-SNAPSHOT is missing, no dependency information available
2017-01-11 11:23:05,976 [Worker-29] INFO  o.e.m.c.i.embedder.EclipseLogger - Using 'UTF-8' encoding to copy filtered resources.
2017-01-11 11:23:05,976 [Worker-29] INFO  o.e.m.c.i.embedder.EclipseLogger - Copying 0 resource
2017-01-11 11:23:05,977 [Worker-29] INFO  o.e.m.c.i.embedder.EclipseLogger - Using 'UTF-8' encoding to copy filtered resources.
2017-01-11 11:23:05,977 [Worker-29] INFO  o.e.m.c.i.embedder.EclipseLogger - Copying 0 resource
2017-01-11 11:24:52,587 [Worker-31] WARN  o.e.m.c.i.embedder.EclipseLogger - The POM for com.github.pagehelper:pagehelper:jar:3.4.2-fix is missing, no dependency information available
2017-01-11 11:25:00,903 [Worker-31] INFO  o.e.m.c.i.l.LifecycleMappingFactory - Using org.eclipse.m2e.jdt.JarLifecycleMapping lifecycle mapping for MavenProject: com.gougou:gougou-manager-service:0.0.1-SNAPSHOT @ F:\ke_ecli\gougou-manager\gougou-mannager-service\pom.xml.
2017-01-11 11:25:00,987 [Worker-31] WARN  o.e.m.c.i.embedder.EclipseLogger - The POM for com.github.pagehelper:pagehelper:jar:3.4.2-fix is missing, no dependency information available
2017-01-11 11:25:01,101 [Worker-31] INFO  o.e.m.c.i.l.LifecycleMappingFactory - Using org.maven.ide.eclipse.wtp.WarLifecycleMapping lifecycle mapping for MavenProject: com.gougou:gougou-manager-web:0.0.1-SNAPSHOT @ F:\ke_ecli\gougou-manager\gougou-manager-web\pom.xml.
2017-01-11 11:25:01,890 [Worker-31] WARN  o.e.m.c.i.embedder.EclipseLogger - The POM for com.github.pagehelper:pagehelper:jar:3.4.2-fix is missing, no dependency information available
2017-01-11 11:25:02,529 [Worker-31] INFO  o.e.m.c.i.embedder.EclipseLogger - Using 'UTF-8' encoding to copy filtered resources.
2017-01-11 11:25:02,532 [Worker-31] INFO  o.e.m.c.i.embedder.EclipseLogger - Copying 0 resource
2017-01-11 11:25:02,533 [Worker-31] INFO  o.e.m.c.i.embedder.EclipseLogger - Using 'UTF-8' encoding to copy filtered resources.
2017-01-11 11:25:02,533 [Worker-31] INFO  o.e.m.c.i.embedder.EclipseLogger - Copying 0 resource
2017-01-11 11:25:03,051 [Worker-32] WARN  o.e.m.c.i.embedder.EclipseLogger - The POM for com.github.pagehelper:pagehelper:jar:3.4.2-fix is missing, no dependency information available
2017-01-11 11:25:03,129 [Worker-32] INFO  o.e.m.c.i.embedder.EclipseLogger - Using 'UTF-8' encoding to copy filtered resources.
2017-01-11 11:25:03,130 [Worker-32] INFO  o.e.m.c.i.embedder.EclipseLogger - Copying 0 resource
2017-01-11 11:25:03,130 [Worker-32] INFO  o.e.m.c.i.embedder.EclipseLogger - Using 'UTF-8' encoding to copy filtered resources.
2017-01-11 11:25:03,130 [Worker-32] INFO  o.e.m.c.i.embedder.EclipseLogger - Copying 0 resource
2017-01-11 11:30:17,120 [Worker-36] INFO  o.e.m.c.i.embedder.EclipseLogger - Using 'UTF-8' encoding to copy filtered resources.
2017-01-11 11:30:17,120 [Worker-36] INFO  o.e.m.c.i.embedder.EclipseLogger - Copying 0 resource
2017-01-11 11:30:17,121 [Worker-36] INFO  o.e.m.c.i.embedder.EclipseLogger - Using 'UTF-8' encoding to copy filtered resources.
2017-01-11 11:30:17,121 [Worker-36] INFO  o.e.m.c.i.embedder.EclipseLogger - Copying 0 resource
2017-01-11 11:31:24,596 [Worker-38] INFO  o.e.m.c.i.embedder.EclipseLogger - Using 'UTF-8' encoding to copy filtered resources.
2017-01-11 11:31:24,597 [Worker-38] INFO  o.e.m.c.i.embedder.EclipseLogger - Copying 0 resource
2017-01-11 11:31:24,597 [Worker-38] INFO  o.e.m.c.i.embedder.EclipseLogger - Using 'UTF-8' encoding to copy filtered resources.
2017-01-11 11:31:24,597 [Worker-38] INFO  o.e.m.c.i.embedder.EclipseLogger - Copying 0 resource
2017-01-11 11:36:49,115 [Worker-36] INFO  o.e.m.c.i.l.LifecycleMappingFactory - Using NULL lifecycle mapping for MavenProject: com.gougou:gougou-manager:0.0.1-SNAPSHOT @ F:\ke_ecli\gougou-manager\pom.xml.
2017-01-11 11:36:49,625 [Worker-36] INFO  o.e.m.c.i.l.LifecycleMappingFactory - Using org.eclipse.m2e.jdt.JarLifecycleMapping lifecycle mapping for MavenProject: com.gougou:gougou-manager-pojo:0.0.1-SNAPSHOT @ F:\ke_ecli\gougou-manager\gougou-manager-pojo\pom.xml.
2017-01-11 11:36:49,679 [Worker-36] INFO  o.e.m.c.i.l.LifecycleMappingFactory - Using org.eclipse.m2e.jdt.JarLifecycleMapping lifecycle mapping for MavenProject: com.gougou:gougou-manager-mapper:0.0.1-SNAPSHOT @ F:\ke_ecli\gougou-manager\gougou-manager-mapper\pom.xml.
2017-01-11 11:36:49,816 [Worker-36] WARN  o.e.m.c.i.embedder.EclipseLogger - The POM for com.github.pagehelper:pagehelper:jar:3.4.2-fix is missing, no dependency information available
2017-01-11 11:36:49,968 [Worker-36] INFO  o.e.m.c.i.l.LifecycleMappingFactory - Using org.eclipse.m2e.jdt.JarLifecycleMapping lifecycle mapping for MavenProject: com.gougou:gougou-manager-service:0.0.1-SNAPSHOT @ F:\ke_ecli\gougou-manager\gougou-mannager-service\pom.xml.
2017-01-11 11:36:50,168 [Worker-36] INFO  o.e.m.c.i.l.LifecycleMappingFactory - Using org.maven.ide.eclipse.wtp.WarLifecycleMapping lifecycle mapping for MavenProject: com.gougou:gougou-manager-web:0.0.1-SNAPSHOT @ F:\ke_ecli\gougou-manager\gougou-manager-web\pom.xml.
2017-01-11 11:36:51,338 [Worker-36] WARN  o.e.m.c.i.embedder.EclipseLogger - The artifact org.apache.commons:commons-io:jar:1.3.2 has been relocated to commons-io:commons-io:jar:1.3.2
2017-01-11 11:36:51,729 [Worker-36] WARN  o.e.m.c.i.embedder.EclipseLogger - The POM for com.github.pagehelper:pagehelper:jar:3.4.2-fix is missing, no dependency information available
2017-01-11 11:36:53,300 [Worker-42] INFO  o.e.m.c.i.embedder.EclipseLogger - Using 'UTF-8' encoding to copy filtered resources.
2017-01-11 11:36:53,305 [Worker-42] INFO  o.e.m.c.i.embedder.EclipseLogger - Copying 0 resource
2017-01-11 11:36:53,308 [Worker-42] INFO  o.e.m.c.i.embedder.EclipseLogger - Using 'UTF-8' encoding to copy filtered resources.
2017-01-11 11:36:53,308 [Worker-42] INFO  o.e.m.c.i.embedder.EclipseLogger - Copying 0 resource
2017-01-11 11:36:53,438 [Worker-42] WARN  o.e.m.c.i.embedder.EclipseLogger - The POM for com.github.pagehelper:pagehelper:jar:3.4.2-fix is missing, no dependency information available
2017-01-11 11:36:53,474 [Worker-42] INFO  o.e.m.c.i.embedder.EclipseLogger - Using 'UTF-8' encoding to copy filtered resources.
2017-01-11 11:36:53,474 [Worker-42] INFO  o.e.m.c.i.embedder.EclipseLogger - Copying 0 resource
2017-01-11 11:36:53,475 [Worker-42] INFO  o.e.m.c.i.embedder.EclipseLogger - Using 'UTF-8' encoding to copy filtered resources.
2017-01-11 11:36:53,475 [Worker-42] INFO  o.e.m.c.i.embedder.EclipseLogger - Copying 0 resource
2017-01-11 11:36:53,629 [Worker-42] WARN  o.e.m.c.i.embedder.EclipseLogger - The POM for com.github.pagehelper:pagehelper:jar:3.4.2-fix is missing, no dependency information available
2017-01-11 11:36:53,707 [Worker-42] INFO  o.e.m.c.i.embedder.EclipseLogger - Using 'UTF-8' encoding to copy filtered resources.
2017-01-11 11:36:53,707 [Worker-42] INFO  o.e.m.c.i.embedder.EclipseLogger - Copying 0 resource
2017-01-11 11:36:53,708 [Worker-42] INFO  o.e.m.c.i.embedder.EclipseLogger - Using 'UTF-8' encoding to copy filtered resources.
2017-01-11 11:36:53,708 [Worker-42] INFO  o.e.m.c.i.embedder.EclipseLogger - Copying 0 resource
2017-01-11 11:36:54,047 [Worker-42] WARN  o.e.m.c.i.embedder.EclipseLogger - The POM for com.github.pagehelper:pagehelper:jar:3.4.2-fix is missing, no dependency information available
2017-01-11 11:36:54,116 [Worker-42] INFO  o.e.m.c.i.embedder.EclipseLogger - Using 'UTF-8' encoding to copy filtered resources.
2017-01-11 11:36:54,116 [Worker-42] INFO  o.e.m.c.i.embedder.EclipseLogger - Copying 0 resource
2017-01-11 11:36:54,117 [Worker-42] INFO  o.e.m.c.i.embedder.EclipseLogger - Using 'UTF-8' encoding to copy filtered resources.
2017-01-11 11:36:54,117 [Worker-42] INFO  o.e.m.c.i.embedder.EclipseLogger - Copying 0 resource
2017-01-11 11:46:32,309 [Worker-46] WARN  o.e.m.c.i.embedder.EclipseLogger - The artifact org.apache.commons:commons-io:jar:1.3.2 has been relocated to commons-io:commons-io:jar:1.3.2
2017-01-11 11:46:32,326 [Worker-46] INFO  o.e.m.c.i.embedder.EclipseLogger - Using 'UTF-8' encoding to copy filtered resources.
2017-01-11 11:46:32,327 [Worker-46] INFO  o.e.m.c.i.embedder.EclipseLogger - Copying 0 resource
2017-01-11 11:46:32,327 [Worker-46] INFO  o.e.m.c.i.embedder.EclipseLogger - Using 'UTF-8' encoding to copy filtered resources.
2017-01-11 11:46:32,328 [Worker-46] INFO  o.e.m.c.i.embedder.EclipseLogger - Copying 0 resource
2017-01-11 11:46:32,582 [Worker-46] INFO  o.e.m.c.i.embedder.EclipseLogger - Using 'UTF-8' encoding to copy filtered resources.
2017-01-11 11:46:32,582 [Worker-46] INFO  o.e.m.c.i.embedder.EclipseLogger - Copying 0 resource
2017-01-11 11:46:32,583 [Worker-46] INFO  o.e.m.c.i.embedder.EclipseLogger - Using 'UTF-8' encoding to copy filtered resources.
2017-01-11 11:46:32,583 [Worker-46] INFO  o.e.m.c.i.embedder.EclipseLogger - Copying 0 resource
2017-01-11 11:46:32,699 [Worker-46] WARN  o.e.m.c.i.embedder.EclipseLogger - The POM for com.github.pagehelper:pagehelper:jar:3.4.2-fix is missing, no dependency information available
2017-01-11 11:46:32,739 [Worker-46] INFO  o.e.m.c.i.embedder.EclipseLogger - Using 'UTF-8' encoding to copy filtered resources.
2017-01-11 11:46:32,739 [Worker-46] INFO  o.e.m.c.i.embedder.EclipseLogger - Copying 0 resource
2017-01-11 11:46:32,740 [Worker-46] INFO  o.e.m.c.i.embedder.EclipseLogger - Using 'UTF-8' encoding to copy filtered resources.
2017-01-11 11:46:32,741 [Worker-46] INFO  o.e.m.c.i.embedder.EclipseLogger - Copying 0 resource
2017-01-11 11:46:32,892 [Worker-46] WARN  o.e.m.c.i.embedder.EclipseLogger - The POM for com.github.pagehelper:pagehelper:jar:3.4.2-fix is missing, no dependency information available
2017-01-11 11:46:32,959 [Worker-46] INFO  o.e.m.c.i.embedder.EclipseLogger - Using 'UTF-8' encoding to copy filtered resources.
2017-01-11 11:46:32,959 [Worker-46] INFO  o.e.m.c.i.embedder.EclipseLogger - Copying 0 resource
2017-01-11 11:46:32,960 [Worker-46] INFO  o.e.m.c.i.embedder.EclipseLogger - Using 'UTF-8' encoding to copy filtered resources.
2017-01-11 11:46:32,960 [Worker-46] INFO  o.e.m.c.i.embedder.EclipseLogger - Copying 0 resource
2017-01-11 11:46:33,308 [Worker-47] WARN  o.e.m.c.i.embedder.EclipseLogger - The POM for com.github.pagehelper:pagehelper:jar:3.4.2-fix is missing, no dependency information available
2017-01-11 11:46:33,378 [Worker-47] INFO  o.e.m.c.i.embedder.EclipseLogger - Using 'UTF-8' encoding to copy filtered resources.
2017-01-11 11:46:33,378 [Worker-47] INFO  o.e.m.c.i.embedder.EclipseLogger - Copying 0 resource
2017-01-11 11:46:33,378 [Worker-47] INFO  o.e.m.c.i.embedder.EclipseLogger - Using 'UTF-8' encoding to copy filtered resources.
2017-01-11 11:46:33,379 [Worker-47] INFO  o.e.m.c.i.embedder.EclipseLogger - Copying 0 resource
2017-01-11 11:46:40,073 [Worker-46] WARN  o.e.m.c.i.embedder.EclipseLogger - The artifact org.apache.commons:commons-io:jar:1.3.2 has been relocated to commons-io:commons-io:jar:1.3.2
2017-01-11 11:46:40,095 [Worker-46] INFO  o.e.m.c.i.embedder.EclipseLogger - Using 'UTF-8' encoding to copy filtered resources.
2017-01-11 11:46:40,096 [Worker-46] INFO  o.e.m.c.i.embedder.EclipseLogger - Copying 0 resource
2017-01-11 11:46:40,096 [Worker-46] INFO  o.e.m.c.i.embedder.EclipseLogger - Using 'UTF-8' encoding to copy filtered resources.
2017-01-11 11:46:40,097 [Worker-46] INFO  o.e.m.c.i.embedder.EclipseLogger - Copying 0 resource
2017-01-11 11:46:40,260 [Worker-46] INFO  o.e.m.c.i.embedder.EclipseLogger - Using 'UTF-8' encoding to copy filtered resources.
2017-01-11 11:46:40,261 [Worker-46] INFO  o.e.m.c.i.embedder.EclipseLogger - Copying 0 resource
2017-01-11 11:46:40,262 [Worker-46] INFO  o.e.m.c.i.embedder.EclipseLogger - Using 'UTF-8' encoding to copy filtered resources.
2017-01-11 11:46:40,262 [Worker-46] INFO  o.e.m.c.i.embedder.EclipseLogger - Copying 0 resource
2017-01-11 11:46:40,420 [Worker-46] WARN  o.e.m.c.i.embedder.EclipseLogger - The POM for com.github.pagehelper:pagehelper:jar:3.4.2-fix is missing, no dependency information available
2017-01-11 11:46:40,459 [Worker-46] INFO  o.e.m.c.i.embedder.EclipseLogger - Using 'UTF-8' encoding to copy filtered resources.
2017-01-11 11:46:40,459 [Worker-46] INFO  o.e.m.c.i.embedder.EclipseLogger - Copying 0 resource
2017-01-11 11:46:40,462 [Worker-46] INFO  o.e.m.c.i.embedder.EclipseLogger - Using 'UTF-8' encoding to copy filtered resources.
2017-01-11 11:46:40,462 [Worker-46] INFO  o.e.m.c.i.embedder.EclipseLogger - Copying 0 resource
2017-01-11 11:46:40,615 [Worker-46] WARN  o.e.m.c.i.embedder.EclipseLogger - The POM for com.github.pagehelper:pagehelper:jar:3.4.2-fix is missing, no dependency information available
2017-01-11 11:46:40,680 [Worker-46] INFO  o.e.m.c.i.embedder.EclipseLogger - Using 'UTF-8' encoding to copy filtered resources.
2017-01-11 11:46:40,680 [Worker-46] INFO  o.e.m.c.i.embedder.EclipseLogger - Copying 0 resource
2017-01-11 11:46:40,681 [Worker-46] INFO  o.e.m.c.i.embedder.EclipseLogger - Using 'UTF-8' encoding to copy filtered resources.
2017-01-11 11:46:40,681 [Worker-46] INFO  o.e.m.c.i.embedder.EclipseLogger - Copying 0 resource
2017-01-11 11:46:40,856 [Worker-46] WARN  o.e.m.c.i.embedder.EclipseLogger - The POM for com.github.pagehelper:pagehelper:jar:3.4.2-fix is missing, no dependency information available
2017-01-11 11:46:40,925 [Worker-46] INFO  o.e.m.c.i.embedder.EclipseLogger - Using 'UTF-8' encoding to copy filtered resources.
2017-01-11 11:46:40,926 [Worker-46] INFO  o.e.m.c.i.embedder.EclipseLogger - Copying 0 resource
2017-01-11 11:46:40,926 [Worker-46] INFO  o.e.m.c.i.embedder.EclipseLogger - Using 'UTF-8' encoding to copy filtered resources.
2017-01-11 11:46:40,926 [Worker-46] INFO  o.e.m.c.i.embedder.EclipseLogger - Copying 0 resource
2017-01-11 11:57:59,027 [main] INFO  o.e.m2e.actions.ExecutePomAction - Creating new launch configuration
2017-01-11 11:59:03,851 [Worker-54] INFO  o.e.m.i.launch.MavenLaunchDelegate - F:\ke_ecli\gougou-manager
2017-01-11 11:59:03,851 [Worker-54] INFO  o.e.m.i.launch.MavenLaunchDelegate -  mvn  -B clean tomcat7:run
2017-01-11 12:00:43,852 [Worker-55] INFO  o.e.m.i.launch.MavenLaunchDelegate - F:\ke_ecli\gougou-parent
2017-01-11 12:00:43,853 [Worker-55] INFO  o.e.m.i.launch.MavenLaunchDelegate -  mvn  -B install
2017-01-11 12:01:00,418 [main] INFO  o.e.m2e.actions.ExecutePomAction - Creating new launch configuration
2017-01-11 12:01:06,890 [Worker-56] INFO  o.e.m.i.launch.MavenLaunchDelegate - F:\ke_ecli\gougou-manager
2017-01-11 12:01:06,890 [Worker-56] INFO  o.e.m.i.launch.MavenLaunchDelegate -  mvn  -B clean tomcat7:run
2017-01-11 12:01:41,876 [Worker-54] INFO  o.e.m.i.launch.MavenLaunchDelegate - F:\ke_ecli\gougou-common
2017-01-11 12:01:41,876 [Worker-54] INFO  o.e.m.i.launch.MavenLaunchDelegate -  mvn  -B install
2017-01-11 12:01:46,593 [Worker-54] WARN  o.e.m.c.i.embedder.EclipseLogger - The artifact org.apache.commons:commons-io:jar:1.3.2 has been relocated to commons-io:commons-io:jar:1.3.2
2017-01-11 12:01:46,610 [Worker-54] INFO  o.e.m.c.i.embedder.EclipseLogger - Using 'UTF-8' encoding to copy filtered resources.
2017-01-11 12:01:46,610 [Worker-54] INFO  o.e.m.c.i.embedder.EclipseLogger - Copying 0 resource
2017-01-11 12:01:46,611 [Worker-54] INFO  o.e.m.c.i.embedder.EclipseLogger - Using 'UTF-8' encoding to copy filtered resources.
2017-01-11 12:01:46,611 [Worker-54] INFO  o.e.m.c.i.embedder.EclipseLogger - Copying 0 resource
2017-01-11 12:01:46,729 [Worker-54] INFO  o.e.m.c.i.embedder.EclipseLogger - Using 'UTF-8' encoding to copy filtered resources.
2017-01-11 12:01:46,729 [Worker-54] INFO  o.e.m.c.i.embedder.EclipseLogger - Copying 0 resource
2017-01-11 12:01:46,730 [Worker-54] INFO  o.e.m.c.i.embedder.EclipseLogger - Using 'UTF-8' encoding to copy filtered resources.
2017-01-11 12:01:46,731 [Worker-54] INFO  o.e.m.c.i.embedder.EclipseLogger - Copying 0 resource
2017-01-11 12:01:56,288 [main] INFO  o.e.m2e.actions.ExecutePomAction - Creating new launch configuration
2017-01-11 12:02:00,955 [Worker-54] INFO  o.e.m.i.launch.MavenLaunchDelegate - F:\ke_ecli\gougou-manager
2017-01-11 12:02:00,955 [Worker-54] INFO  o.e.m.i.launch.MavenLaunchDelegate -  mvn  -B clean tomcat7:run
2017-01-11 12:45:07,419 [Worker-73] INFO  o.e.m.c.i.embedder.EclipseLogger - Using 'UTF-8' encoding to copy filtered resources.
2017-01-11 12:45:07,420 [Worker-73] INFO  o.e.m.c.i.embedder.EclipseLogger - Copying 0 resource
2017-01-11 12:45:07,422 [Worker-73] INFO  o.e.m.c.i.embedder.EclipseLogger - Using 'UTF-8' encoding to copy filtered resources.
2017-01-11 12:45:07,423 [Worker-73] INFO  o.e.m.c.i.embedder.EclipseLogger - Copying 0 resource
